{
  "stats": {
    "suites": 1,
    "tests": 1,
    "passes": 1,
    "pending": 0,
    "failures": 0,
    "start": "2019-03-14T10:39:58.996Z",
    "end": "2019-03-14T10:40:10.992Z",
    "duration": 11996,
    "testsRegistered": 1,
    "passPercent": 100,
    "pendingPercent": 0,
    "other": 0,
    "hasOther": false,
    "skipped": 0,
    "hasSkipped": false,
    "passPercentClass": "success",
    "pendingPercentClass": "danger"
  },
  "suites": {
    "uuid": "245ed484-992b-41e9-b032-aa5476e72862",
    "title": "",
    "fullFile": "",
    "file": "",
    "beforeHooks": [],
    "afterHooks": [],
    "tests": [],
    "suites": [
      {
        "uuid": "6723b121-6e89-464b-a213-6b3ba93f47a0",
        "title": "Create category",
        "fullFile": "/home/horatiu/Desktop/JSWebdriver/test/createCategory.test_es6.js",
        "file": "/test/createCategory.test_es6.js",
        "beforeHooks": [
          {
            "title": "\"before each\" hook",
            "fullTitle": "Create category \"before each\" hook",
            "timedOut": false,
            "duration": 1069,
            "pass": false,
            "fail": false,
            "pending": false,
            "code": "driver = await driverUtils(process.env.browser);\ndriver.manage().window().maximize();\nthis.homePage = new HomePage(driver);\nthis.loginPage = new LoginPage(driver);\nthis.headerPage = new HeaderPage(driver);\nthis.itemsPage = new ItemsPage(driver);",
            "err": {},
            "isRoot": false,
            "uuid": "a28decc3-ebf5-4119-b9d7-2e0c81970054",
            "isHook": true,
            "skipped": false
          }
        ],
        "afterHooks": [
          {
            "title": "\"after each\" hook",
            "fullTitle": "Create category \"after each\" hook",
            "timedOut": false,
            "duration": 0,
            "pass": false,
            "fail": false,
            "pending": false,
            "code": "this.homePage.quit();",
            "err": {},
            "isRoot": false,
            "uuid": "73fd625d-828e-4718-be5f-068cd9c6df2b",
            "isHook": true,
            "skipped": false
          }
        ],
        "tests": [
          {
            "title": "As an admin user I should be able to ceate a category",
            "fullTitle": "Create category As an admin user I should be able to ceate a category",
            "timedOut": false,
            "duration": 10910,
            "state": "passed",
            "speed": "slow",
            "pass": true,
            "fail": false,
            "pending": false,
            "code": "let categoryName = categoryFactory().name;\n\nawait this.homePage.navigate();\nawait this.homePage.openLoginForm();\nawait this.loginPage.login(config().ADMIN_USER, config().ADMIN_PASS);\nawait this.headerPage.selectHeaderOption(appConstants.menuItems.items);\nawait this.itemsPage.selectAction(appConstants.categoryActions.addCategory);\nawait this.itemsPage.createCategory(categoryName);\nawait this.itemsPage.navigateToCategory(categoryName);",
            "err": {},
            "isRoot": false,
            "uuid": "2e96895b-149f-4c9d-8ac1-2c0557a17929",
            "isHook": false,
            "skipped": false
          }
        ],
        "suites": [],
        "passes": [
          "2e96895b-149f-4c9d-8ac1-2c0557a17929"
        ],
        "failures": [],
        "pending": [],
        "skipped": [],
        "duration": 10910,
        "root": false,
        "rootEmpty": false,
        "_timeout": 100000
      }
    ],
    "passes": [],
    "failures": [],
    "pending": [],
    "skipped": [],
    "duration": 0,
    "root": true,
    "rootEmpty": true,
    "_timeout": 2000
  },
  "copyrightYear": 2019
}