{
  "stats": {
    "suites": 1,
    "tests": 1,
    "passes": 0,
    "pending": 0,
    "failures": 1,
    "start": "2019-05-03T07:53:13.796Z",
    "end": "2019-05-03T07:53:55.258Z",
    "duration": 41462,
    "testsRegistered": 1,
    "passPercent": 0,
    "pendingPercent": 0,
    "other": 0,
    "hasOther": false,
    "skipped": 0,
    "hasSkipped": false,
    "passPercentClass": "danger",
    "pendingPercentClass": "danger"
  },
  "suites": {
    "uuid": "a8eb778d-4a71-43fb-99c5-81137a136c25",
    "title": "",
    "fullFile": "",
    "file": "",
    "beforeHooks": [],
    "afterHooks": [],
    "tests": [],
    "suites": [
      {
        "uuid": "42a34c63-41e6-4c26-8b9a-8a0e3563236d",
        "title": "Book Item item",
        "fullFile": "/home/horatiu/Desktop/JSWebdriver/test/bookItem.test_es6.js",
        "file": "/test/bookItem.test_es6.js",
        "beforeHooks": [
          {
            "title": "\"before each\" hook",
            "fullTitle": "Book Item item \"before each\" hook",
            "timedOut": false,
            "duration": 976,
            "pass": false,
            "fail": false,
            "pending": false,
            "code": "driver = await driverUtils(process.env.browser);\ndriver.manage().window().maximize();\nthis.homePage = new HomePage(driver);\nthis.loginPage = new LoginPage(driver);\nthis.headerPage = new HeaderPage(driver);\nthis.itemsPage = new ItemsPage(driver);\nthis.categoryPage = new CategoryPage(driver);\nthis.bookingPage = new BookingPage(driver);\nthis.bookingsPage = new BookingsPage(driver);",
            "err": {},
            "isRoot": false,
            "uuid": "bb5bb1f3-26e6-4483-90a2-2ccf6cb043a3",
            "isHook": true,
            "skipped": false
          }
        ],
        "afterHooks": [
          {
            "title": "\"after each\" hook",
            "fullTitle": "Book Item item \"after each\" hook",
            "timedOut": false,
            "duration": 0,
            "pass": false,
            "fail": false,
            "pending": false,
            "code": "// this.homePage.quit();",
            "err": {},
            "isRoot": false,
            "uuid": "79b3cc2f-23a5-44a4-8383-6b45e1229ee2",
            "isHook": true,
            "skipped": false
          }
        ],
        "tests": [
          {
            "title": "I should be able to book an item",
            "fullTitle": "Book Item item I should be able to book an item",
            "timedOut": false,
            "duration": 40473,
            "state": "failed",
            "pass": false,
            "fail": true,
            "pending": false,
            "code": "let categoryName = factory.categoryFactory().name; \nlet itemName = factory.itemFactory().name; \nlet booking = factory.bookingFactory();\nbooking.itemName = itemName;\n     \nawait this.homePage.navigate();\nawait this.homePage.openLoginForm();\nawait this.loginPage.login(config().ADMIN_USER, config().ADMIN_PASS);\nawait this.headerPage.selectHeaderOption(appConstants.menuItems.items);\nawait this.itemsPage.selectAction(appConstants.categoryActions.addCategory);\nawait this.itemsPage.createCategory(categoryName);\nawait this.itemsPage.navigateToCategory(categoryName);\nawait this.categoryPage.selectAction(appConstants.categoryActions.addItem);\nawait this.categoryPage.createItem(itemName, categoryName);\nawait this.headerPage.selectHeaderOption(appConstants.menuItems.items);\nawait this.itemsPage.navigateToCategory(categoryName);\nawait this.categoryPage.bookItem(itemName);\nawait this.bookingPage.selectStartDate(booking.startDate);\nawait this.bookingPage.selectEndDate(booking.endDate);\nawait this.bookingPage.confirmBooking();\nawait this.headerPage.selectHeaderOption(appConstants.menuItems.bookings);\nawait this.bookingsPage.selectBookingsAction(appConstants.bookingActions.myBookings);\nawait this.bookingsPage.validateBooking(booking);",
            "err": {
              "message": "AssertionError [ERR_ASSERTION]: The booking was not found in the bookings list",
              "estack": "AssertionError [ERR_ASSERTION]: The booking was not found in the bookings list\n    at BookingsPage.validateBooking (project/bookings_page_es6.js:34:5)\n    at process.internalTickCallback (internal/process/next_tick.js:77:7)\nFrom: Task: Book Item item I should be able to book an item\n    at Context.ret (node_modules/selenium-webdriver/testing/index.js:182:10)\n    at process.internalTickCallback (internal/process/next_tick.js:77:7)",
              "diff": "- false\n+ true\n"
            },
            "isRoot": false,
            "uuid": "8c1e042c-a823-47bd-b38d-83f007d5916b",
            "isHook": false,
            "skipped": false
          }
        ],
        "suites": [],
        "passes": [],
        "failures": [
          "8c1e042c-a823-47bd-b38d-83f007d5916b"
        ],
        "pending": [],
        "skipped": [],
        "duration": 40473,
        "root": false,
        "rootEmpty": false,
        "_timeout": 9999999
      }
    ],
    "passes": [],
    "failures": [],
    "pending": [],
    "skipped": [],
    "duration": 0,
    "root": true,
    "rootEmpty": true,
    "_timeout": 2000
  },
  "copyrightYear": 2019
}