{
  "stats": {
    "suites": 1,
    "tests": 1,
    "passes": 1,
    "pending": 0,
    "failures": 0,
    "start": "2018-12-11T09:28:34.909Z",
    "end": "2018-12-11T09:28:42.896Z",
    "duration": 7987,
    "testsRegistered": 1,
    "passPercent": 100,
    "pendingPercent": 0,
    "other": 0,
    "hasOther": false,
    "skipped": 0,
    "hasSkipped": false,
    "passPercentClass": "success",
    "pendingPercentClass": "danger"
  },
  "suites": {
    "uuid": "732ad6da-34e7-4e2e-953d-91455d8a3d4e",
    "title": "",
    "fullFile": "",
    "file": "",
    "beforeHooks": [],
    "afterHooks": [],
    "tests": [],
    "suites": [
      {
        "uuid": "faecd932-56cc-4a28-9a6d-38123ddb4bad",
        "title": "library app scenario",
        "fullFile": "C:\\Users\\Hori\\Desktop\\js\\JSWebdriver\\test\\login.test.js",
        "file": "\\login.test.js",
        "beforeHooks": [
          {
            "title": "\"before each\" hook",
            "fullTitle": "library app scenario \"before each\" hook",
            "timedOut": false,
            "duration": 101,
            "pass": false,
            "fail": false,
            "pending": false,
            "code": "driver = new webdriver.Builder().withCapabilities(webdriver.Capabilities.chrome()).setChromeOptions(o).build();\nhomePage = new Home(driver);\nloginPage = new LoginPage(driver);\nheaderPage = new HeaderPage(driver)",
            "err": {},
            "isRoot": false,
            "uuid": "73f954be-8898-49d7-905a-26a28bf75631",
            "isHook": true,
            "skipped": false
          }
        ],
        "afterHooks": [
          {
            "title": "\"after each\" hook",
            "fullTitle": "library app scenario \"after each\" hook",
            "timedOut": false,
            "duration": 0,
            "pass": false,
            "fail": false,
            "pending": false,
            "code": "// homePage.quit();",
            "err": {},
            "isRoot": false,
            "uuid": "cecb6335-88b0-46b5-8638-0c59f2953ab0",
            "isHook": true,
            "skipped": false
          }
        ],
        "tests": [
          {
            "title": "Login Test",
            "fullTitle": "library app scenario Login Test",
            "timedOut": false,
            "duration": 7875,
            "state": "passed",
            "speed": "slow",
            "pass": true,
            "fail": false,
            "pending": false,
            "code": "homePage.open();\nhomePage.openLoginForm();\nloginPage.login(utils.email, utils.password);\nheaderPage.listItem('ITEMS');",
            "err": {},
            "isRoot": false,
            "uuid": "11dafd8c-43b2-4e8f-ba55-1faa3941e470",
            "isHook": false,
            "skipped": false
          }
        ],
        "suites": [],
        "passes": [
          "11dafd8c-43b2-4e8f-ba55-1faa3941e470"
        ],
        "failures": [],
        "pending": [],
        "skipped": [],
        "duration": 7875,
        "root": false,
        "rootEmpty": false,
        "_timeout": 999999
      }
    ],
    "passes": [],
    "failures": [],
    "pending": [],
    "skipped": [],
    "duration": 0,
    "root": true,
    "rootEmpty": true,
    "_timeout": 100000
  },
  "copyrightYear": 2018
}