{
  "stats": {
    "suites": 1,
    "tests": 0,
    "passes": 0,
    "pending": 0,
    "failures": 0,
    "start": "2018-12-03T11:59:14.158Z",
    "end": "2018-12-03T11:59:14.168Z",
    "duration": 10,
    "testsRegistered": 1,
    "passPercent": 0,
    "pendingPercent": 0,
    "other": 2,
    "hasOther": true,
    "skipped": 1,
    "hasSkipped": true,
    "passPercentClass": "danger",
    "pendingPercentClass": "danger"
  },
  "suites": {
    "uuid": "348da5af-1954-4366-a102-dfbfa1bfec77",
    "title": "",
    "fullFile": "",
    "file": "",
    "beforeHooks": [],
    "afterHooks": [],
    "tests": [],
    "suites": [
      {
        "uuid": "545556d1-3748-46b8-9afe-831949e0a41c",
        "title": "library app scenario",
        "fullFile": "/home/horatiu/Desktop/js/JSWebdriver/test/ww.test.js",
        "file": "/ww.test.js",
        "beforeHooks": [
          {
            "title": "\"before each\" hook for \"Test 1\"",
            "fullTitle": "library app scenario \"before each\" hook for \"Test 1\"",
            "timedOut": false,
            "duration": 1,
            "state": "failed",
            "pass": false,
            "fail": true,
            "pending": false,
            "code": "WWHomePage.open();",
            "err": {
              "message": "ReferenceError: driver is not defined",
              "estack": "ReferenceError: driver is not defined\n    at Function.BasePage.open (/home/horatiu/Desktop/js/JSWebdriver/lib/base_page2.js:16:5)\n    at Function.value (/home/horatiu/Desktop/js/JSWebdriver/lib/ww_page.js:7:19)\n    at Context.<anonymous> (ww.test.js:10:24)"
            },
            "isRoot": false,
            "uuid": "d526f421-4a3a-416e-a7ca-79316396e11d",
            "isHook": true,
            "skipped": false
          }
        ],
        "afterHooks": [
          {
            "title": "\"after each\" hook for \"Test 1\"",
            "fullTitle": "library app scenario \"after each\" hook for \"Test 1\"",
            "timedOut": false,
            "duration": 0,
            "state": "failed",
            "pass": false,
            "fail": true,
            "pending": false,
            "code": "page.driver.sleep(2000);\npage.quit();",
            "err": {
              "message": "TypeError: Cannot read property 'driver' of undefined",
              "estack": "TypeError: Cannot read property 'driver' of undefined\n    at Context.<anonymous> (ww.test.js:14:18)"
            },
            "isRoot": false,
            "uuid": "2ff702cc-b73f-4cf2-8a7d-1175c1e81f7f",
            "isHook": true,
            "skipped": false
          }
        ],
        "tests": [
          {
            "title": "Test 1",
            "fullTitle": "library app scenario Test 1",
            "timedOut": false,
            "duration": 0,
            "pass": false,
            "fail": false,
            "pending": false,
            "code": "",
            "err": {},
            "isRoot": false,
            "uuid": "e6b794ab-35db-4f9c-b3eb-44de33df6b5f",
            "isHook": false,
            "skipped": true
          }
        ],
        "suites": [],
        "passes": [],
        "failures": [],
        "pending": [],
        "skipped": [
          "e6b794ab-35db-4f9c-b3eb-44de33df6b5f"
        ],
        "duration": null,
        "root": false,
        "rootEmpty": false,
        "_timeout": 999999
      }
    ],
    "passes": [],
    "failures": [],
    "pending": [],
    "skipped": [],
    "duration": 0,
    "root": true,
    "rootEmpty": true,
    "_timeout": 2000
  },
  "copyrightYear": 2018
}